
ROM used: 1538 (19%)
          1538 (19%) including unused fragments

          2 Average locations per line
          6 Average locations per statement

RAM used: 92 (25%) at main() level
          97 (26%) worst case

Stack used: 4 worst case (out of 8 total available)

Lines Stmts  %   Files
----- ----- ---  -----
  384   249 100  ProjetoCIE.c
  330     0   0  C:\Program Files (x86)\PICC\devices\16f877a.h
----- -----
  714   249 Total

Page ROM  %  RAM   Vol Diff  Functions:
---- --- --- ---   --- ----  ----------
0     20   1   1             @delay_ms1
0     24   2   1    98  1.3  escrita
0    550  36   2  5340  7.4  teclado
0      1   0   0             @const85
0     58   4   3             @PSTRINGC7_81
0      1   0   0             @const87
0      1   0   0             @const88
0     26   2   0   127  1.3  inicializa
0     45   3   0   121  2.2  reset
0     51   3   4   341  4.4  valor_lcd
0    499  32   2  2460  7.3  MAIN
0      3   0   0             @const97
0     60   4   3             @PSTRINGC7_9600_62_63
0      6   0   0             @const99
0     16   1   0             @const100
0     66   4   4             @PSTRINGCN7_9600_62_63
0     28   2   0             @const103
0     21   1   3             @DIV88
0     58   4   2             @PRINTF_U_9600_62_63

Program metrics:
    Functions               6
    Statements              249
    Comments                245
    Volume (V)              10356
    Difficilty (D)          23.7
    Effort to implement (E) 245716
    Time to implement (T)   3 hours, 48 minutes
    Est Delivered Bugs (B)  1
    Cyclomatic Complexity   15
    Maintainability (MI)    48

 Segment     Used  Free
-----------  ----  ----
00000-00003     4  0  
00004-007FF  1534  510  
00800-00FFF     0  2048  
01000-017FF     0  2048  
01800-01FFF     0  2048  



